# JRE version: OpenJDK Runtime Environment Temurin-21.0.8+9 (21.0.8+9) (build 21.0.8+9-LTS)
# Java VM: OpenJDK 64-Bit Server VM Temurin-21.0.8+9 (21.0.8+9-LTS, mixed mode, sharing, tiered, compressed oops, compressed class ptrs, parallel gc, windows-amd64)
GC Precious Log:
 CardTable entry size: 512
 CPUs: 16 total, 16 available
 Memory: 7895M
 Large Page Support: Disabled
 NUMA Support: Disabled
 Compressed Oops: Enabled (32-bit)
 Alignments: Space 512K, Generation 512K, Heap 2M
 Heap Min Capacity: 100M
 Heap Initial Capacity: 100M
 Heap Max Capacity: 2G
 Pre-touch: Disabled
 Parallel Workers: 13
Heap:
 PSYoungGen      total 5632K, used 3688K [0x00000000d5580000, 0x00000000d5d80000, 0x0000000100000000)
  eden space 3072K, 45% used [0x00000000d5580000,0x00000000d56ddaf0,0x00000000d5880000)
  from space 2560K, 89% used [0x00000000d5880000,0x00000000d5abc528,0x00000000d5b00000)
  to   space 2560K, 0% used [0x00000000d5b00000,0x00000000d5b00000,0x00000000d5d80000)
 ParOldGen       total 1288704K, used 1288411K [0x0000000080000000, 0x00000000cea80000, 0x00000000d5580000)
  object space 1288704K, 99% used [0x0000000080000000,0x00000000cea36d60,0x00000000cea80000)
 Metaspace       used 79541K, committed 81152K, reserved 1179648K
  class space    used 8428K, committed 9152K, reserved 1048576K
GC Heap History (20 events):
Event: 3743.844 GC heap before
{Heap before GC invocations=2199 (full 3):
 PSYoungGen      total 3584K, used 3200K [0x00000000d5580000, 0x00000000d5c80000, 0x0000000100000000)
  eden space 2560K, 100% used [0x00000000d5580000,0x00000000d5800000,0x00000000d5800000)
  from space 1024K, 62% used [0x00000000d5b00000,0x00000000d5ba0000,0x00000000d5c00000)
  to   space 512K, 0% used [0x00000000d5c00000,0x00000000d5c00000,0x00000000d5c80000)
 ParOldGen       total 1282560K, used 1282527K [0x0000000080000000, 0x00000000ce480000, 0x00000000d5580000)
  object space 1282560K, 99% used [0x0000000080000000,0x00000000ce477c08,0x00000000ce480000)
 Metaspace       used 79320K, committed 80960K, reserved 1179648K
  class space    used 8420K, committed 9152K, reserved 1048576K
}
Event: 3743.846 GC heap after
{Heap after GC invocations=2199 (full 3):
 PSYoungGen      total 3072K, used 384K [0x00000000d5580000, 0x00000000d5c80000, 0x0000000100000000)
  eden space 2560K, 0% used [0x00000000d5580000,0x00000000d5580000,0x00000000d5800000)
  from space 512K, 75% used [0x00000000d5c00000,0x00000000d5c60000,0x00000000d5c80000)
  to   space 512K, 0% used [0x00000000d5b80000,0x00000000d5b80000,0x00000000d5c00000)
 ParOldGen       total 1283072K, used 1282607K [0x0000000080000000, 0x00000000ce500000, 0x00000000d5580000)
  object space 1283072K, 99% used [0x0000000080000000,0x00000000ce48bc08,0x00000000ce500000)
 Metaspace       used 79320K, committed 80960K, reserved 1179648K
  class space    used 8420K, committed 9152K, reserved 1048576K
}
Event: 3745.209 GC heap before
{Heap before GC invocations=2200 (full 3):
 PSYoungGen      total 3072K, used 2944K [0x00000000d5580000, 0x00000000d5c80000, 0x0000000100000000)
  eden space 2560K, 100% used [0x00000000d5580000,0x00000000d5800000,0x00000000d5800000)
  from space 512K, 75% used [0x00000000d5c00000,0x00000000d5c60000,0x00000000d5c80000)
  to   space 512K, 0% used [0x00000000d5b80000,0x00000000d5b80000,0x00000000d5c00000)
 ParOldGen       total 1283072K, used 1282607K [0x0000000080000000, 0x00000000ce500000, 0x00000000d5580000)
  object space 1283072K, 99% used [0x0000000080000000,0x00000000ce48bc08,0x00000000ce500000)
 Metaspace       used 79382K, committed 81024K, reserved 1179648K
  class space    used 8420K, committed 9152K, reserved 1048576K
}
Event: 3745.210 GC heap after
{Heap after GC invocations=2200 (full 3):
 PSYoungGen      total 3072K, used 288K [0x00000000d5580000, 0x00000000d5c80000, 0x0000000100000000)
  eden space 2560K, 0% used [0x00000000d5580000,0x00000000d5580000,0x00000000d5800000)
  from space 512K, 56% used [0x00000000d5b80000,0x00000000d5bc8000,0x00000000d5c00000)
  to   space 512K, 0% used [0x00000000d5c00000,0x00000000d5c00000,0x00000000d5c80000)
 ParOldGen       total 1283072K, used 1282703K [0x0000000080000000, 0x00000000ce500000, 0x00000000d5580000)
  object space 1283072K, 99% used [0x0000000080000000,0x00000000ce4a3c08,0x00000000ce500000)
 Metaspace       used 79382K, committed 81024K, reserved 1179648K
  class space    used 8420K, committed 9152K, reserved 1048576K
}
Event: 3745.214 GC heap before
{Heap before GC invocations=2201 (full 3):
 PSYoungGen      total 3072K, used 2848K [0x00000000d5580000, 0x00000000d5c80000, 0x0000000100000000)
  eden space 2560K, 100% used [0x00000000d5580000,0x00000000d5800000,0x00000000d5800000)
  from space 512K, 56% used [0x00000000d5b80000,0x00000000d5bc8000,0x00000000d5c00000)
  to   space 512K, 0% used [0x00000000d5c00000,0x00000000d5c00000,0x00000000d5c80000)
 ParOldGen       total 1283072K, used 1282703K [0x0000000080000000, 0x00000000ce500000, 0x00000000d5580000)
  object space 1283072K, 99% used [0x0000000080000000,0x00000000ce4a3c08,0x00000000ce500000)
 Metaspace       used 79382K, committed 81024K, reserved 1179648K
  class space    used 8420K, committed 9152K, reserved 1048576K
}
Event: 3745.215 GC heap after
{Heap after GC invocations=2201 (full 3):
 PSYoungGen      total 3072K, used 512K [0x00000000d5580000, 0x00000000d5c80000, 0x0000000100000000)
  eden space 2560K, 0% used [0x00000000d5580000,0x00000000d5580000,0x00000000d5800000)
  from space 512K, 100% used [0x00000000d5c00000,0x00000000d5c80000,0x00000000d5c80000)
  to   space 1024K, 0% used [0x00000000d5a80000,0x00000000d5a80000,0x00000000d5b80000)
 ParOldGen       total 1283072K, used 1282823K [0x0000000080000000, 0x00000000ce500000, 0x00000000d5580000)
  object space 1283072K, 99% used [0x0000000080000000,0x00000000ce4c1c08,0x00000000ce500000)
 Metaspace       used 79382K, committed 81024K, reserved 1179648K
  class space    used 8420K, committed 9152K, reserved 1048576K
}
Event: 3745.231 GC heap before
{Heap before GC invocations=2202 (full 3):
 PSYoungGen      total 3072K, used 3072K [0x00000000d5580000, 0x00000000d5c80000, 0x0000000100000000)
  eden space 2560K, 100% used [0x00000000d5580000,0x00000000d5800000,0x00000000d5800000)
  from space 512K, 100% used [0x00000000d5c00000,0x00000000d5c80000,0x00000000d5c80000)
  to   space 1024K, 0% used [0x00000000d5a80000,0x00000000d5a80000,0x00000000d5b80000)
 ParOldGen       total 1283072K, used 1282823K [0x0000000080000000, 0x00000000ce500000, 0x00000000d5580000)
  object space 1283072K, 99% used [0x0000000080000000,0x00000000ce4c1c08,0x00000000ce500000)
 Metaspace       used 79469K, committed 81088K, reserved 1179648K
  class space    used 8427K, committed 9152K, reserved 1048576K
}
Event: 3745.232 GC heap after
{Heap after GC invocations=2202 (full 3):
 PSYoungGen      total 3584K, used 698K [0x00000000d5580000, 0x00000000d5c80000, 0x0000000100000000)
  eden space 2560K, 0% used [0x00000000d5580000,0x00000000d5580000,0x00000000d5800000)
  from space 1024K, 68% used [0x00000000d5a80000,0x00000000d5b2e900,0x00000000d5b80000)
  to   space 1024K, 0% used [0x00000000d5b80000,0x00000000d5b80000,0x00000000d5c80000)
 ParOldGen       total 1283584K, used 1283265K [0x0000000080000000, 0x00000000ce580000, 0x00000000d5580000)
  object space 1283584K, 99% used [0x0000000080000000,0x00000000ce530498,0x00000000ce580000)
 Metaspace       used 79469K, committed 81088K, reserved 1179648K
  class space    used 8427K, committed 9152K, reserved 1048576K
}
Event: 3745.239 GC heap before
{Heap before GC invocations=2203 (full 3):
 PSYoungGen      total 3584K, used 3258K [0x00000000d5580000, 0x00000000d5c80000, 0x0000000100000000)
  eden space 2560K, 100% used [0x00000000d5580000,0x00000000d5800000,0x00000000d5800000)
  from space 1024K, 68% used [0x00000000d5a80000,0x00000000d5b2e900,0x00000000d5b80000)
  to   space 1024K, 0% used [0x00000000d5b80000,0x00000000d5b80000,0x00000000d5c80000)
 ParOldGen       total 1283584K, used 1283265K [0x0000000080000000, 0x00000000ce580000, 0x00000000d5580000)
  object space 1283584K, 99% used [0x0000000080000000,0x00000000ce530498,0x00000000ce580000)
 Metaspace       used 79475K, committed 81088K, reserved 1179648K
  class space    used 8428K, committed 9152K, reserved 1048576K
}
Event: 3745.240 GC heap after
{Heap after GC invocations=2203 (full 3):
 PSYoungGen      total 3072K, used 160K [0x00000000d5580000, 0x00000000d5c00000, 0x0000000100000000)
  eden space 2560K, 0% used [0x00000000d5580000,0x00000000d5580000,0x00000000d5800000)
  from space 512K, 31% used [0x00000000d5b80000,0x00000000d5ba8000,0x00000000d5c00000)
  to   space 512K, 0% used [0x00000000d5b00000,0x00000000d5b00000,0x00000000d5b80000)
 ParOldGen       total 1283584K, used 1283465K [0x0000000080000000, 0x00000000ce580000, 0x00000000d5580000)
  object space 1283584K, 99% used [0x0000000080000000,0x00000000ce562498,0x00000000ce580000)
 Metaspace       used 79475K, committed 81088K, reserved 1179648K
  class space    used 8428K, committed 9152K, reserved 1048576K
}
Event: 3745.524 GC heap before
{Heap before GC invocations=2204 (full 3):
 PSYoungGen      total 3072K, used 2720K [0x00000000d5580000, 0x00000000d5c00000, 0x0000000100000000)
  eden space 2560K, 100% used [0x00000000d5580000,0x00000000d5800000,0x00000000d5800000)
  from space 512K, 31% used [0x00000000d5b80000,0x00000000d5ba8000,0x00000000d5c00000)
  to   space 512K, 0% used [0x00000000d5b00000,0x00000000d5b00000,0x00000000d5b80000)
 ParOldGen       total 1283584K, used 1283465K [0x0000000080000000, 0x00000000ce580000, 0x00000000d5580000)
  object space 1283584K, 99% used [0x0000000080000000,0x00000000ce562498,0x00000000ce580000)
 Metaspace       used 79493K, committed 81088K, reserved 1179648K
  class space    used 8428K, committed 9152K, reserved 1048576K
}
Event: 3745.526 GC heap after
{Heap after GC invocations=2204 (full 3):
 PSYoungGen      total 3072K, used 506K [0x00000000d5580000, 0x00000000d5c00000, 0x0000000100000000)
  eden space 2560K, 0% used [0x00000000d5580000,0x00000000d5580000,0x00000000d5800000)
  from space 512K, 98% used [0x00000000d5b00000,0x00000000d5b7e900,0x00000000d5b80000)
  to   space 512K, 0% used [0x00000000d5b80000,0x00000000d5b80000,0x00000000d5c00000)
 ParOldGen       total 1283584K, used 1283521K [0x0000000080000000, 0x00000000ce580000, 0x00000000d5580000)
  object space 1283584K, 99% used [0x0000000080000000,0x00000000ce570498,0x00000000ce580000)
 Metaspace       used 79493K, committed 81088K, reserved 1179648K
  class space    used 8428K, committed 9152K, reserved 1048576K
}
Event: 3745.533 GC heap before
{Heap before GC invocations=2205 (full 3):
 PSYoungGen      total 3072K, used 3066K [0x00000000d5580000, 0x00000000d5c00000, 0x0000000100000000)
  eden space 2560K, 99% used [0x00000000d5580000,0x00000000d57ffff0,0x00000000d5800000)
  from space 512K, 98% used [0x00000000d5b00000,0x00000000d5b7e900,0x00000000d5b80000)
  to   space 512K, 0% used [0x00000000d5b80000,0x00000000d5b80000,0x00000000d5c00000)
 ParOldGen       total 1283584K, used 1283521K [0x0000000080000000, 0x00000000ce580000, 0x00000000d5580000)
  object space 1283584K, 99% used [0x0000000080000000,0x00000000ce570498,0x00000000ce580000)
 Metaspace       used 79499K, committed 81152K, reserved 1179648K
  class space    used 8428K, committed 9152K, reserved 1048576K
}
Event: 3745.535 GC heap after
{Heap after GC invocations=2205 (full 3):
 PSYoungGen      total 3072K, used 512K [0x00000000d5580000, 0x00000000d5c00000, 0x0000000100000000)
  eden space 2560K, 0% used [0x00000000d5580000,0x00000000d5580000,0x00000000d5800000)
  from space 512K, 100% used [0x00000000d5b80000,0x00000000d5c00000,0x00000000d5c00000)
  to   space 1536K, 0% used [0x00000000d5900000,0x00000000d5900000,0x00000000d5a80000)
 ParOldGen       total 1284096K, used 1283957K [0x0000000080000000, 0x00000000ce600000, 0x00000000d5580000)
  object space 1284096K, 99% used [0x0000000080000000,0x00000000ce5dd628,0x00000000ce600000)
 Metaspace       used 79499K, committed 81152K, reserved 1179648K
  class space    used 8428K, committed 9152K, reserved 1048576K
}
Event: 3745.539 GC heap before
{Heap before GC invocations=2206 (full 3):
 PSYoungGen      total 3072K, used 3072K [0x00000000d5580000, 0x00000000d5c00000, 0x0000000100000000)
  eden space 2560K, 100% used [0x00000000d5580000,0x00000000d5800000,0x00000000d5800000)
  from space 512K, 100% used [0x00000000d5b80000,0x00000000d5c00000,0x00000000d5c00000)
  to   space 1536K, 0% used [0x00000000d5900000,0x00000000d5900000,0x00000000d5a80000)
 ParOldGen       total 1284096K, used 1283957K [0x0000000080000000, 0x00000000ce600000, 0x00000000d5580000)
  object space 1284096K, 99% used [0x0000000080000000,0x00000000ce5dd628,0x00000000ce600000)
 Metaspace       used 79499K, committed 81152K, reserved 1179648K
  class space    used 8428K, committed 9152K, reserved 1048576K
}
Event: 3745.541 GC heap after
{Heap after GC invocations=2206 (full 3):
 PSYoungGen      total 4096K, used 1533K [0x00000000d5580000, 0x00000000d5e00000, 0x0000000100000000)
  eden space 2560K, 0% used [0x00000000d5580000,0x00000000d5580000,0x00000000d5800000)
  from space 1536K, 99% used [0x00000000d5900000,0x00000000d5a7f5a0,0x00000000d5a80000)
  to   space 3072K, 0% used [0x00000000d5b00000,0x00000000d5b00000,0x00000000d5e00000)
 ParOldGen       total 1285120K, used 1284740K [0x0000000080000000, 0x00000000ce700000, 0x00000000d5580000)
  object space 1285120K, 99% used [0x0000000080000000,0x00000000ce6a1328,0x00000000ce700000)
 Metaspace       used 79499K, committed 81152K, reserved 1179648K
  class space    used 8428K, committed 9152K, reserved 1048576K
}
Event: 3745.547 GC heap before
{Heap before GC invocations=2207 (full 3):
 PSYoungGen      total 4096K, used 4093K [0x00000000d5580000, 0x00000000d5e00000, 0x0000000100000000)
  eden space 2560K, 100% used [0x00000000d5580000,0x00000000d5800000,0x00000000d5800000)
  from space 1536K, 99% used [0x00000000d5900000,0x00000000d5a7f5a0,0x00000000d5a80000)
  to   space 3072K, 0% used [0x00000000d5b00000,0x00000000d5b00000,0x00000000d5e00000)
 ParOldGen       total 1285120K, used 1284740K [0x0000000080000000, 0x00000000ce700000, 0x00000000d5580000)
  object space 1285120K, 99% used [0x0000000080000000,0x00000000ce6a1328,0x00000000ce700000)
 Metaspace       used 79499K, committed 81152K, reserved 1179648K
  class space    used 8428K, committed 9152K, reserved 1048576K
}
Event: 3745.549 GC heap after
{Heap after GC invocations=2207 (full 3):
 PSYoungGen      total 5120K, used 2316K [0x00000000d5580000, 0x00000000d5d80000, 0x0000000100000000)
  eden space 2560K, 0% used [0x00000000d5580000,0x00000000d5580000,0x00000000d5800000)
  from space 2560K, 90% used [0x00000000d5b00000,0x00000000d5d431e0,0x00000000d5d80000)
  to   space 2560K, 0% used [0x00000000d5880000,0x00000000d5880000,0x00000000d5b00000)
 ParOldGen       total 1286656K, used 1286298K [0x0000000080000000, 0x00000000ce880000, 0x00000000d5580000)
  object space 1286656K, 99% used [0x0000000080000000,0x00000000ce826900,0x00000000ce880000)
 Metaspace       used 79499K, committed 81152K, reserved 1179648K
  class space    used 8428K, committed 9152K, reserved 1048576K
}
Event: 3745.556 GC heap before
{Heap before GC invocations=2208 (full 3):
 PSYoungGen      total 5120K, used 4876K [0x00000000d5580000, 0x00000000d5d80000, 0x0000000100000000)
  eden space 2560K, 100% used [0x00000000d5580000,0x00000000d5800000,0x00000000d5800000)
  from space 2560K, 90% used [0x00000000d5b00000,0x00000000d5d431e0,0x00000000d5d80000)
  to   space 2560K, 0% used [0x00000000d5880000,0x00000000d5880000,0x00000000d5b00000)
 ParOldGen       total 1286656K, used 1286298K [0x0000000080000000, 0x00000000ce880000, 0x00000000d5580000)
  object space 1286656K, 99% used [0x0000000080000000,0x00000000ce826900,0x00000000ce880000)
 Metaspace       used 79499K, committed 81152K, reserved 1179648K
  class space    used 8428K, committed 9152K, reserved 1048576K
}
Event: 3745.558 GC heap after
{Heap after GC invocations=2208 (full 3):
 PSYoungGen      total 5632K, used 2289K [0x00000000d5580000, 0x00000000d5d80000, 0x0000000100000000)
  eden space 3072K, 0% used [0x00000000d5580000,0x00000000d5580000,0x00000000d5880000)
  from space 2560K, 89% used [0x00000000d5880000,0x00000000d5abc528,0x00000000d5b00000)
  to   space 2560K, 0% used [0x00000000d5b00000,0x00000000d5b00000,0x00000000d5d80000)
 ParOldGen       total 1288704K, used 1288411K [0x0000000080000000, 0x00000000cea80000, 0x00000000d5580000)
  object space 1288704K, 99% used [0x0000000080000000,0x00000000cea36d60,0x00000000cea80000)
 Metaspace       used 79499K, committed 81152K, reserved 1179648K
  class space    used 8428K, committed 9152K, reserved 1048576K
}

